<?xml version="1.0" encoding="UTF-8"?>
<!-- Generated by org.testng.reporters.JUnitReportReporter -->
<testsuite hostname="DESKTOP-VI7ENPP" failures="0" tests="2" name="testscript.ManageCategoryTest" time="36.113" errors="0" timestamp="2025-04-02T19:02:42 IST" skipped="0">
  <testcase classname="testscript.ManageCategoryTest" name="verifyAddNewCategoryInManageCategory" time="22.008"/>
  <testcase classname="testscript.ManageCategoryTest" name="verifyUserIsableToDeleteAnItem" time="14.105"/>
</testsuite> <!-- testscript.ManageCategoryTest -->
