<?xml version="1.0" encoding="UTF-8"?>
<!-- Generated by org.testng.reporters.JUnitReportReporter -->
<testsuite hostname="DESKTOP-VI7ENPP" failures="0" tests="1" name="testscript.ManageNewsTest" time="13.171" errors="0" timestamp="2025-03-18T20:28:42 IST" skipped="0">
  <testcase classname="testscript.ManageNewsTest" name="verifyUserIsAbleToAddNewNews" time="13.171"/>
</testsuite> <!-- testscript.ManageNewsTest -->
