<?xml version="1.0" encoding="UTF-8"?>
<!-- Generated by org.testng.reporters.JUnitReportReporter -->
<testsuite hostname="DESKTOP-VI7ENPP" failures="0" tests="3" name="testscript.ManageNewsTest" time="49.068" errors="0" timestamp="2025-04-02T18:53:30 IST" skipped="0">
  <testcase classname="testscript.ManageNewsTest" name="verifyUserIsAbleToAddNewNews" time="21.217"/>
  <testcase classname="testscript.ManageNewsTest" name="VerifyUserIsAbleToSearchNoNExcistingNews" time="14.733"/>
  <testcase classname="testscript.ManageNewsTest" name="verifyUserIsAbleToEditNews" time="13.118"/>
</testsuite> <!-- testscript.ManageNewsTest -->
