<?xml version="1.0" encoding="UTF-8"?>
<!-- Generated by org.testng.reporters.JUnitReportReporter -->
<testsuite hostname="DESKTOP-VI7ENPP" failures="0" tests="1" name="testscript.ManageContactTest" time="19.943" errors="0" timestamp="2025-04-02T18:59:33 IST" skipped="0">
  <testcase classname="testscript.ManageContactTest" name="AddindValidDetailsInContactUsPage" time="19.943"/>
</testsuite> <!-- testscript.ManageContactTest -->
